This file contains any messages produced by compilers while
running configure, to aid debugging if configure makes a mistake.

It was created by jp2a configure 1.0.6, which was
generated by GNU Autoconf 2.60.  Invocation command line was

  $ ./configure --prefix=/home/jichunli/CSE391/hw8/jp2a-1.0.6

## --------- ##
## Platform. ##
## --------- ##

hostname = DESKTOP-5CTCBA1
uname -m = x86_64
uname -r = 4.4.0-17134-Microsoft
uname -s = Linux
uname -v = #137-Microsoft Thu Jun 14 18:46:00 PST 2018

/usr/bin/uname -p = unknown
/bin/uname -X     = unknown

/bin/arch              = unknown
/usr/bin/arch -k       = unknown
/usr/convex/getsysinfo = unknown
/usr/bin/hostinfo      = unknown
/bin/machine           = unknown
/usr/bin/oslevel       = unknown
/bin/universe          = unknown

PATH: /home/jichunli/bin
PATH: /home/jichunli/.local/bin
PATH: /usr/local/sbin
PATH: /usr/local/bin
PATH: /usr/sbin
PATH: /usr/bin
PATH: /sbin
PATH: /bin
PATH: /usr/games
PATH: /usr/local/games
PATH: /mnt/c/ProgramData/Oracle/Java/javapath_target_1046811953
PATH: /mnt/c/Windows/System32
PATH: /mnt/c/Windows
PATH: /mnt/c/Windows/System32/wbem
PATH: /mnt/c/Windows/System32/WindowsPowerShell/v1.0
PATH: /mnt/c/Windows/System32/OpenSSH
PATH: /mnt/c/Users/ljc78/Anaconda3
PATH: /mnt/c/Users/ljc78/Anaconda3/Library/bin
PATH: /mnt/c/Users/ljc78/Anaconda3/Scripts
PATH: /mnt/c/Users/ljc78/AppData/Local/Android/Sdk/platform-tools
PATH: /mnt/c/intelFPGA_lite/17.0/modelsim_ase/win32aloem
PATH: /mnt/c/Users/ljc78/AppData/Local/Microsoft/WindowsApps
PATH: /snap/bin


## ----------- ##
## Core tests. ##
## ----------- ##

configure:1772: checking for a BSD-compatible install
configure:1828: result: /usr/bin/install -c
configure:1839: checking whether build environment is sane
configure:1882: result: yes
configure:1947: checking for gawk
configure:1963: found /usr/bin/gawk
configure:1974: result: gawk
configure:1985: checking whether make sets $(MAKE)
configure:2006: result: yes
configure:2246: checking for gcc
configure:2262: found /usr/bin/gcc
configure:2273: result: gcc
configure:2511: checking for C compiler version
configure:2518: gcc --version >&5
gcc (Ubuntu 5.4.0-6ubuntu1~16.04.10) 5.4.0 20160609
Copyright (C) 2015 Free Software Foundation, Inc.
This is free software; see the source for copying conditions.  There is NO
warranty; not even for MERCHANTABILITY or FITNESS FOR A PARTICULAR PURPOSE.

configure:2521: $? = 0
configure:2528: gcc -v >&5
Using built-in specs.
COLLECT_GCC=gcc
COLLECT_LTO_WRAPPER=/usr/lib/gcc/x86_64-linux-gnu/5/lto-wrapper
Target: x86_64-linux-gnu
Configured with: ../src/configure -v --with-pkgversion='Ubuntu 5.4.0-6ubuntu1~16.04.10' --with-bugurl=file:///usr/share/doc/gcc-5/README.Bugs --enable-languages=c,ada,c++,java,go,d,fortran,objc,obj-c++ --prefix=/usr --program-suffix=-5 --enable-shared --enable-linker-build-id --libexecdir=/usr/lib --without-included-gettext --enable-threads=posix --libdir=/usr/lib --enable-nls --with-sysroot=/ --enable-clocale=gnu --enable-libstdcxx-debug --enable-libstdcxx-time=yes --with-default-libstdcxx-abi=new --enable-gnu-unique-object --disable-vtable-verify --enable-libmpx --enable-plugin --with-system-zlib --disable-browser-plugin --enable-java-awt=gtk --enable-gtk-cairo --with-java-home=/usr/lib/jvm/java-1.5.0-gcj-5-amd64/jre --enable-java-home --with-jvm-root-dir=/usr/lib/jvm/java-1.5.0-gcj-5-amd64 --with-jvm-jar-dir=/usr/lib/jvm-exports/java-1.5.0-gcj-5-amd64 --with-arch-directory=amd64 --with-ecj-jar=/usr/share/java/eclipse-ecj.jar --enable-objc-gc --enable-multiarch --disable-werror --with-arch-32=i686 --with-abi=m64 --with-multilib-list=m32,m64,mx32 --enable-multilib --with-tune=generic --enable-checking=release --build=x86_64-linux-gnu --host=x86_64-linux-gnu --target=x86_64-linux-gnu
Thread model: posix
gcc version 5.4.0 20160609 (Ubuntu 5.4.0-6ubuntu1~16.04.10) 
configure:2531: $? = 0
configure:2538: gcc -V >&5
gcc: error: unrecognized command line option '-V'
gcc: fatal error: no input files
compilation terminated.
configure:2541: $? = 1
configure:2564: checking for C compiler default output file name
configure:2591: gcc    conftest.c  >&5
configure:2594: $? = 0
configure:2640: result: a.out
configure:2645: checking whether the C compiler works
configure:2655: ./a.out
configure:2658: $? = 0
configure:2675: result: yes
configure:2682: checking whether we are cross compiling
configure:2684: result: no
configure:2687: checking for suffix of executables
configure:2694: gcc -o conftest    conftest.c  >&5
configure:2697: $? = 0
configure:2721: result: 
configure:2727: checking for suffix of object files
configure:2753: gcc -c   conftest.c >&5
configure:2756: $? = 0
configure:2779: result: o
configure:2783: checking whether we are using the GNU C compiler
configure:2812: gcc -c   conftest.c >&5
configure:2818: $? = 0
configure:2825: test -z "$ac_c_werror_flag" || test ! -s conftest.err
configure:2828: $? = 0
configure:2835: test -s conftest.o
configure:2838: $? = 0
configure:2852: result: yes
configure:2857: checking whether gcc accepts -g
configure:2887: gcc -c -g  conftest.c >&5
configure:2893: $? = 0
configure:2900: test -z "$ac_c_werror_flag" || test ! -s conftest.err
configure:2903: $? = 0
configure:2910: test -s conftest.o
configure:2913: $? = 0
configure:3043: result: yes
configure:3060: checking for gcc option to accept ISO C89
configure:3134: gcc  -c -g -O2  conftest.c >&5
configure:3140: $? = 0
configure:3147: test -z "$ac_c_werror_flag" || test ! -s conftest.err
configure:3150: $? = 0
configure:3157: test -s conftest.o
configure:3160: $? = 0
configure:3180: result: none needed
configure:3209: checking for style of include used by make
configure:3237: result: GNU
configure:3265: checking dependency style of gcc
configure:3355: result: gcc3
configure:3405: checking for jpeg_start_decompress in -ljpeg
configure:3440: gcc -o conftest -g -O2   conftest.c -ljpeg   >&5
/usr/bin/ld: cannot find -ljpeg
collect2: error: ld returned 1 exit status
configure:3446: $? = 1
configure: failed program was:
| /* confdefs.h.  */
| #define PACKAGE_NAME "jp2a"
| #define PACKAGE_TARNAME "jp2a"
| #define PACKAGE_VERSION "1.0.6"
| #define PACKAGE_STRING "jp2a 1.0.6"
| #define PACKAGE_BUGREPORT "csl@sublevel3.org"
| #define PACKAGE "jp2a"
| #define VERSION "1.0.6"
| /* end confdefs.h.  */
| 
| /* Override any GCC internal prototype to avoid an error.
|    Use char because int might match the return type of a GCC
|    builtin and then its argument prototype would still apply.  */
| #ifdef __cplusplus
| extern "C"
| #endif
| char jpeg_start_decompress ();
| int
| main ()
| {
| return jpeg_start_decompress ();
|   ;
|   return 0;
| }
configure:3480: result: no
configure:3491: error: I need a working jpeglib; please specify --with-jpeg-lib=PATH or see --help for more explicit options.

On many systems, this is installed in /usr/local/lib/ so you can try --with-jpeg-prefix=/usr/local/


## ---------------- ##
## Cache variables. ##
## ---------------- ##

ac_cv_c_compiler_gnu=yes
ac_cv_env_CC_set=
ac_cv_env_CC_value=
ac_cv_env_CFLAGS_set=
ac_cv_env_CFLAGS_value=
ac_cv_env_CPPFLAGS_set=
ac_cv_env_CPPFLAGS_value=
ac_cv_env_CPP_set=
ac_cv_env_CPP_value=
ac_cv_env_LDFLAGS_set=
ac_cv_env_LDFLAGS_value=
ac_cv_env_build_alias_set=
ac_cv_env_build_alias_value=
ac_cv_env_host_alias_set=
ac_cv_env_host_alias_value=
ac_cv_env_target_alias_set=
ac_cv_env_target_alias_value=
ac_cv_lib_jpeg_jpeg_start_decompress=no
ac_cv_objext=o
ac_cv_path_install='/usr/bin/install -c'
ac_cv_prog_AWK=gawk
ac_cv_prog_ac_ct_CC=gcc
ac_cv_prog_cc_c89=
ac_cv_prog_cc_g=yes
ac_cv_prog_make_make_set=yes
am_cv_CC_dependencies_compiler_type=gcc3

## ----------------- ##
## Output variables. ##
## ----------------- ##

ACLOCAL='${SHELL} /home/jichunli/CSE391/hw8/jp2a-1.0.6/missing --run aclocal-1.9'
AMDEPBACKSLASH='\'
AMDEP_FALSE='#'
AMDEP_TRUE=''
AMTAR='${SHELL} /home/jichunli/CSE391/hw8/jp2a-1.0.6/missing --run tar'
AUTOCONF='${SHELL} /home/jichunli/CSE391/hw8/jp2a-1.0.6/missing --run autoconf'
AUTOHEADER='${SHELL} /home/jichunli/CSE391/hw8/jp2a-1.0.6/missing --run autoheader'
AUTOMAKE='${SHELL} /home/jichunli/CSE391/hw8/jp2a-1.0.6/missing --run automake-1.9'
AWK='gawk'
CC='gcc'
CCDEPMODE='depmode=gcc3'
CFLAGS='-g -O2'
CPP=''
CPPFLAGS=''
CYGPATH_W='echo'
DEFS=''
DEPDIR='.deps'
ECHO_C=''
ECHO_N='-n'
ECHO_T=''
EGREP=''
EXEEXT=''
GREP=''
INSTALL_DATA='${INSTALL} -m 644'
INSTALL_PROGRAM='${INSTALL}'
INSTALL_SCRIPT='${INSTALL}'
INSTALL_STRIP_PROGRAM='${SHELL} $(install_sh) -c -s'
LDFLAGS=''
LIBOBJS=''
LIBS=''
LTLIBOBJS=''
MAKEINFO='${SHELL} /home/jichunli/CSE391/hw8/jp2a-1.0.6/missing --run makeinfo'
OBJEXT='o'
PACKAGE='jp2a'
PACKAGE_BUGREPORT='csl@sublevel3.org'
PACKAGE_NAME='jp2a'
PACKAGE_STRING='jp2a 1.0.6'
PACKAGE_TARNAME='jp2a'
PACKAGE_VERSION='1.0.6'
PATH_SEPARATOR=':'
SET_MAKE=''
SHELL='/bin/bash'
STRIP=''
VERSION='1.0.6'
ac_ct_CC='gcc'
am__fastdepCC_FALSE='#'
am__fastdepCC_TRUE=''
am__include='include'
am__leading_dot='.'
am__quote=''
am__tar='${AMTAR} chof - "$$tardir"'
am__untar='${AMTAR} xf -'
bindir='${exec_prefix}/bin'
build_alias=''
curl_config=''
datadir='${datarootdir}'
datarootdir='${prefix}/share'
docdir='${datarootdir}/doc/${PACKAGE_TARNAME}'
dvidir='${docdir}'
exec_prefix='NONE'
host_alias=''
htmldir='${docdir}'
includedir='${prefix}/include'
infodir='${datarootdir}/info'
install_sh='/home/jichunli/CSE391/hw8/jp2a-1.0.6/install-sh'
libdir='${exec_prefix}/lib'
libexecdir='${exec_prefix}/libexec'
localedir='${datarootdir}/locale'
localstatedir='${prefix}/var'
mandir='${datarootdir}/man'
mkdir_p='mkdir -p --'
oldincludedir='/usr/include'
pdfdir='${docdir}'
prefix='/home/jichunli/CSE391/hw8/jp2a-1.0.6'
program_transform_name='s,x,x,'
psdir='${docdir}'
sbindir='${exec_prefix}/sbin'
sharedstatedir='${prefix}/com'
sysconfdir='${prefix}/etc'
target_alias=''

## ----------- ##
## confdefs.h. ##
## ----------- ##

#define PACKAGE_NAME "jp2a"
#define PACKAGE_TARNAME "jp2a"
#define PACKAGE_VERSION "1.0.6"
#define PACKAGE_STRING "jp2a 1.0.6"
#define PACKAGE_BUGREPORT "csl@sublevel3.org"
#define PACKAGE "jp2a"
#define VERSION "1.0.6"

configure: exit 1
